# JRE version: Java(TM) SE Runtime Environment (8.0_181-b13) (build 1.8.0_181-b13)
# Java VM: Java HotSpot(TM) 64-Bit Server VM (25.181-b13 mixed mode windows-amd64 compressed oops)
Heap:
 PSYoungGen      total 366592K, used 288290K [0x00000000e0000000, 0x0000000100000000, 0x0000000100000000)
  eden space 283648K, 72% used [0x00000000e0000000,0x00000000ec904f88,0x00000000f1500000)
  from space 82944K, 99% used [0x00000000f1500000,0x00000000f6583c30,0x00000000f6600000)
  to   space 125440K, 0% used [0x00000000f8580000,0x00000000f8580000,0x0000000100000000)
 ParOldGen       total 229888K, used 48512K [0x00000000a0000000, 0x00000000ae080000, 0x00000000e0000000)
  object space 229888K, 21% used [0x00000000a0000000,0x00000000a2f600e8,0x00000000ae080000)
 Metaspace       used 107425K, capacity 114928K, committed 118272K, reserved 1150976K
  class space    used 14108K, capacity 15329K, committed 16128K, reserved 1048576K
GC Heap History (10 events):
Event: 5065.777 GC heap before
{Heap before GC invocations=56 (full 5):
 PSYoungGen      total 406016K, used 334786K [0x00000000e0000000, 0x00000000ff600000, 0x0000000100000000)
  eden space 310272K, 100% used [0x00000000e0000000,0x00000000f2f00000,0x00000000f2f00000)
  from space 95744K, 25% used [0x00000000f9880000,0x00000000fb070a90,0x00000000ff600000)
  to   space 101888K, 0% used [0x00000000f2f00000,0x00000000f2f00000,0x00000000f9280000)
 ParOldGen       total 229888K, used 48488K [0x00000000a0000000, 0x00000000ae080000, 0x00000000e0000000)
  object space 229888K, 21% used [0x00000000a0000000,0x00000000a2f5a0e8,0x00000000ae080000)
 Metaspace       used 106747K, capacity 113970K, committed 118272K, reserved 1150976K
  class space    used 14041K, capacity 15212K, committed 16128K, reserved 1048576K
Event: 5065.945 GC heap after
Heap after GC invocations=56 (full 5):
 PSYoungGen      total 398336K, used 87771K [0x00000000e0000000, 0x0000000100000000, 0x0000000100000000)
  eden space 310272K, 0% used [0x00000000e0000000,0x00000000e0000000,0x00000000f2f00000)
  from space 88064K, 99% used [0x00000000f2f00000,0x00000000f84b6fb8,0x00000000f8500000)
  to   space 114176K, 0% used [0x00000000f9080000,0x00000000f9080000,0x0000000100000000)
 ParOldGen       total 229888K, used 48496K [0x00000000a0000000, 0x00000000ae080000, 0x00000000e0000000)
  object space 229888K, 21% used [0x00000000a0000000,0x00000000a2f5c0e8,0x00000000ae080000)
 Metaspace       used 106747K, capacity 113970K, committed 118272K, reserved 1150976K
  class space    used 14041K, capacity 15212K, committed 16128K, reserved 1048576K
}
Event: 5596.461 GC heap before
{Heap before GC invocations=57 (full 5):
 PSYoungGen      total 398336K, used 398043K [0x00000000e0000000, 0x0000000100000000, 0x0000000100000000)
  eden space 310272K, 100% used [0x00000000e0000000,0x00000000f2f00000,0x00000000f2f00000)
  from space 88064K, 99% used [0x00000000f2f00000,0x00000000f84b6fb8,0x00000000f8500000)
  to   space 114176K, 0% used [0x00000000f9080000,0x00000000f9080000,0x0000000100000000)
 ParOldGen       total 229888K, used 48496K [0x00000000a0000000, 0x00000000ae080000, 0x00000000e0000000)
  object space 229888K, 21% used [0x00000000a0000000,0x00000000a2f5c0e8,0x00000000ae080000)
 Metaspace       used 106843K, capacity 114034K, committed 118272K, reserved 1150976K
  class space    used 14041K, capacity 15212K, committed 16128K, reserved 1048576K
Event: 5596.641 GC heap after
Heap after GC invocations=57 (full 5):
 PSYoungGen      total 414720K, used 25699K [0x00000000e0000000, 0x0000000100000000, 0x0000000100000000)
  eden space 300544K, 0% used [0x00000000e0000000,0x00000000e0000000,0x00000000f2580000)
  from space 114176K, 22% used [0x00000000f9080000,0x00000000fa998dc0,0x0000000100000000)
  to   space 109568K, 0% used [0x00000000f2580000,0x00000000f2580000,0x00000000f9080000)
 ParOldGen       total 229888K, used 48504K [0x00000000a0000000, 0x00000000ae080000, 0x00000000e0000000)
  object space 229888K, 21% used [0x00000000a0000000,0x00000000a2f5e0e8,0x00000000ae080000)
 Metaspace       used 106843K, capacity 114034K, committed 118272K, reserved 1150976K
  class space    used 14041K, capacity 15212K, committed 16128K, reserved 1048576K
}
Event: 5599.098 GC heap before
{Heap before GC invocations=58 (full 5):
 PSYoungGen      total 414720K, used 326243K [0x00000000e0000000, 0x0000000100000000, 0x0000000100000000)
  eden space 300544K, 100% used [0x00000000e0000000,0x00000000f2580000,0x00000000f2580000)
  from space 114176K, 22% used [0x00000000f9080000,0x00000000fa998dc0,0x0000000100000000)
  to   space 109568K, 0% used [0x00000000f2580000,0x00000000f2580000,0x00000000f9080000)
 ParOldGen       total 229888K, used 48504K [0x00000000a0000000, 0x00000000ae080000, 0x00000000e0000000)
  object space 229888K, 21% used [0x00000000a0000000,0x00000000a2f5e0e8,0x00000000ae080000)
 Metaspace       used 106882K, capacity 114034K, committed 118272K, reserved 1150976K
  class space    used 14042K, capacity 15212K, committed 16128K, reserved 1048576K
Event: 5599.181 GC heap after
Heap after GC invocations=58 (full 5):
 PSYoungGen      total 393728K, used 92766K [0x00000000e0000000, 0x0000000100000000, 0x0000000100000000)
  eden space 300544K, 0% used [0x00000000e0000000,0x00000000e0000000,0x00000000f2580000)
  from space 93184K, 99% used [0x00000000f2580000,0x00000000f8017b58,0x00000000f8080000)
  to   space 121856K, 0% used [0x00000000f8900000,0x00000000f8900000,0x0000000100000000)
 ParOldGen       total 229888K, used 48504K [0x00000000a0000000, 0x00000000ae080000, 0x00000000e0000000)
  object space 229888K, 21% used [0x00000000a0000000,0x00000000a2f5e0e8,0x00000000ae080000)
 Metaspace       used 106882K, capacity 114034K, committed 118272K, reserved 1150976K
  class space    used 14042K, capacity 15212K, committed 16128K, reserved 1048576K
}
Event: 6328.920 GC heap before
{Heap before GC invocations=59 (full 5):
 PSYoungGen      total 393728K, used 393310K [0x00000000e0000000, 0x0000000100000000, 0x0000000100000000)
  eden space 300544K, 100% used [0x00000000e0000000,0x00000000f2580000,0x00000000f2580000)
  from space 93184K, 99% used [0x00000000f2580000,0x00000000f8017b58,0x00000000f8080000)
  to   space 121856K, 0% used [0x00000000f8900000,0x00000000f8900000,0x0000000100000000)
 ParOldGen       total 229888K, used 48504K [0x00000000a0000000, 0x00000000ae080000, 0x00000000e0000000)
  object space 229888K, 21% used [0x00000000a0000000,0x00000000a2f5e0e8,0x00000000ae080000)
 Metaspace       used 107289K, capacity 114774K, committed 118272K, reserved 1150976K
  class space    used 14099K, capacity 15314K, committed 16128K, reserved 1048576K
Event: 6329.020 GC heap after
Heap after GC invocations=59 (full 5):
 PSYoungGen      total 405504K, used 21945K [0x00000000e0000000, 0x0000000100000000, 0x0000000100000000)
  eden space 283648K, 0% used [0x00000000e0000000,0x00000000e0000000,0x00000000f1500000)
  from space 121856K, 18% used [0x00000000f8900000,0x00000000f9e6e5b8,0x0000000100000000)
  to   space 118784K, 0% used [0x00000000f1500000,0x00000000f1500000,0x00000000f8900000)
 ParOldGen       total 229888K, used 48512K [0x00000000a0000000, 0x00000000ae080000, 0x00000000e0000000)
  object space 229888K, 21% used [0x00000000a0000000,0x00000000a2f600e8,0x00000000ae080000)
 Metaspace       used 107289K, capacity 114774K, committed 118272K, reserved 1150976K
  class space    used 14099K, capacity 15314K, committed 16128K, reserved 1048576K
}
Event: 6335.939 GC heap before
{Heap before GC invocations=60 (full 5):
 PSYoungGen      total 405504K, used 305593K [0x00000000e0000000, 0x0000000100000000, 0x0000000100000000)
  eden space 283648K, 100% used [0x00000000e0000000,0x00000000f1500000,0x00000000f1500000)
  from space 121856K, 18% used [0x00000000f8900000,0x00000000f9e6e5b8,0x0000000100000000)
  to   space 118784K, 0% used [0x00000000f1500000,0x00000000f1500000,0x00000000f8900000)
 ParOldGen       total 229888K, used 48512K [0x00000000a0000000, 0x00000000ae080000, 0x00000000e0000000)
  object space 229888K, 21% used [0x00000000a0000000,0x00000000a2f600e8,0x00000000ae080000)
 Metaspace       used 107317K, capacity 114774K, committed 118272K, reserved 1150976K
  class space    used 14099K, capacity 15314K, committed 16128K, reserved 1048576K
Event: 6336.017 GC heap after
Heap after GC invocations=60 (full 5):
 PSYoungGen      total 366592K, used 82447K [0x00000000e0000000, 0x0000000100000000, 0x0000000100000000)
  eden space 283648K, 0% used [0x00000000e0000000,0x00000000e0000000,0x00000000f1500000)
  from space 82944K, 99% used [0x00000000f1500000,0x00000000f6583c30,0x00000000f6600000)
  to   space 125440K, 0% used [0x00000000f8580000,0x00000000f8580000,0x0000000100000000)
 ParOldGen       total 229888K, used 48512K [0x00000000a0000000, 0x00000000ae080000, 0x00000000e0000000)
  object space 229888K, 21% used [0x00000000a0000000,0x00000000a2f600e8,0x00000000ae080000)
 Metaspace       used 107317K, capacity 114774K, committed 118272K, reserved 1150976K
  class space    used 14099K, capacity 15314K, committed 16128K, reserved 1048576K
}

