# JRE version: Java(TM) SE Runtime Environment (8.0_181-b13) (build 1.8.0_181-b13)
# Java VM: Java HotSpot(TM) 64-Bit Server VM (25.181-b13 mixed mode windows-amd64 compressed oops)
Heap:
 PSYoungGen      total 376832K, used 137170K [0x00000000e0000000, 0x00000000fc280000, 0x0000000100000000)
  eden space 305664K, 41% used [0x00000000e0000000,0x00000000e7b9b568,0x00000000f2a80000)
  from space 71168K, 15% used [0x00000000f7d00000,0x00000000f878ee58,0x00000000fc280000)
  to   space 77824K, 0% used [0x00000000f2a80000,0x00000000f2a80000,0x00000000f7680000)
 ParOldGen       total 213504K, used 108367K [0x00000000a0000000, 0x00000000ad080000, 0x00000000e0000000)
  object space 213504K, 50% used [0x00000000a0000000,0x00000000a69d3d08,0x00000000ad080000)
 Metaspace       used 95348K, capacity 100307K, committed 100480K, reserved 1136640K
  class space    used 12773K, capacity 13657K, committed 13696K, reserved 1048576K
GC Heap History (10 events):
Event: 574.847 GC heap before
{Heap before GC invocations=30 (full 4):
 PSYoungGen      total 245760K, used 185856K [0x00000000e0000000, 0x00000000f4680000, 0x0000000100000000)
  eden space 185856K, 100% used [0x00000000e0000000,0x00000000eb580000,0x00000000eb580000)
  from space 59904K, 0% used [0x00000000eb580000,0x00000000eb580000,0x00000000ef000000)
  to   space 58880K, 0% used [0x00000000f0d00000,0x00000000f0d00000,0x00000000f4680000)
 ParOldGen       total 213504K, used 60046K [0x00000000a0000000, 0x00000000ad080000, 0x00000000e0000000)
  object space 213504K, 28% used [0x00000000a0000000,0x00000000a3aa38d0,0x00000000ad080000)
 Metaspace       used 93721K, capacity 97721K, committed 99020K, reserved 1134592K
  class space    used 12599K, capacity 13350K, committed 13696K, reserved 1048576K
Event: 574.875 GC heap after
Heap after GC invocations=30 (full 4):
 PSYoungGen      total 274432K, used 31536K [0x00000000e0000000, 0x00000000f4600000, 0x0000000100000000)
  eden space 216064K, 0% used [0x00000000e0000000,0x00000000e0000000,0x00000000ed300000)
  from space 58368K, 54% used [0x00000000f0d00000,0x00000000f2bcc380,0x00000000f4600000)
  to   space 58880K, 0% used [0x00000000ed300000,0x00000000ed300000,0x00000000f0c80000)
 ParOldGen       total 213504K, used 60054K [0x00000000a0000000, 0x00000000ad080000, 0x00000000e0000000)
  object space 213504K, 28% used [0x00000000a0000000,0x00000000a3aa58d0,0x00000000ad080000)
 Metaspace       used 93721K, capacity 97721K, committed 99020K, reserved 1134592K
  class space    used 12599K, capacity 13350K, committed 13696K, reserved 1048576K
}
Event: 576.721 GC heap before
{Heap before GC invocations=31 (full 4):
 PSYoungGen      total 274432K, used 247600K [0x00000000e0000000, 0x00000000f4600000, 0x0000000100000000)
  eden space 216064K, 100% used [0x00000000e0000000,0x00000000ed300000,0x00000000ed300000)
  from space 58368K, 54% used [0x00000000f0d00000,0x00000000f2bcc380,0x00000000f4600000)
  to   space 58880K, 0% used [0x00000000ed300000,0x00000000ed300000,0x00000000f0c80000)
 ParOldGen       total 213504K, used 60054K [0x00000000a0000000, 0x00000000ad080000, 0x00000000e0000000)
  object space 213504K, 28% used [0x00000000a0000000,0x00000000a3aa58d0,0x00000000ad080000)
 Metaspace       used 93731K, capacity 97721K, committed 99020K, reserved 1134592K
  class space    used 12600K, capacity 13350K, committed 13696K, reserved 1048576K
Event: 576.873 GC heap after
Heap after GC invocations=31 (full 4):
 PSYoungGen      total 274944K, used 58879K [0x00000000e0000000, 0x00000000f9b80000, 0x0000000100000000)
  eden space 216064K, 0% used [0x00000000e0000000,0x00000000e0000000,0x00000000ed300000)
  from space 58880K, 99% used [0x00000000ed300000,0x00000000f0c7fe50,0x00000000f0c80000)
  to   space 78336K, 0% used [0x00000000f4f00000,0x00000000f4f00000,0x00000000f9b80000)
 ParOldGen       total 213504K, used 88185K [0x00000000a0000000, 0x00000000ad080000, 0x00000000e0000000)
  object space 213504K, 41% used [0x00000000a0000000,0x00000000a561e758,0x00000000ad080000)
 Metaspace       used 93731K, capacity 97721K, committed 99020K, reserved 1134592K
  class space    used 12600K, capacity 13350K, committed 13696K, reserved 1048576K
}
Event: 870.868 GC heap before
{Heap before GC invocations=32 (full 4):
 PSYoungGen      total 274944K, used 274943K [0x00000000e0000000, 0x00000000f9b80000, 0x0000000100000000)
  eden space 216064K, 100% used [0x00000000e0000000,0x00000000ed300000,0x00000000ed300000)
  from space 58880K, 99% used [0x00000000ed300000,0x00000000f0c7fe50,0x00000000f0c80000)
  to   space 78336K, 0% used [0x00000000f4f00000,0x00000000f4f00000,0x00000000f9b80000)
 ParOldGen       total 213504K, used 88185K [0x00000000a0000000, 0x00000000ad080000, 0x00000000e0000000)
  object space 213504K, 41% used [0x00000000a0000000,0x00000000a561e758,0x00000000ad080000)
 Metaspace       used 94505K, capacity 98909K, committed 99276K, reserved 1134592K
  class space    used 12683K, capacity 13496K, committed 13696K, reserved 1048576K
Event: 870.904 GC heap after
Heap after GC invocations=32 (full 4):
 PSYoungGen      total 331776K, used 14508K [0x00000000e0000000, 0x00000000f9400000, 0x0000000100000000)
  eden space 261120K, 0% used [0x00000000e0000000,0x00000000e0000000,0x00000000eff00000)
  from space 70656K, 20% used [0x00000000f4f00000,0x00000000f5d2b128,0x00000000f9400000)
  to   space 76288K, 0% used [0x00000000eff00000,0x00000000eff00000,0x00000000f4980000)
 ParOldGen       total 213504K, used 107003K [0x00000000a0000000, 0x00000000ad080000, 0x00000000e0000000)
  object space 213504K, 50% used [0x00000000a0000000,0x00000000a687ec58,0x00000000ad080000)
 Metaspace       used 94505K, capacity 98909K, committed 99276K, reserved 1134592K
  class space    used 12683K, capacity 13496K, committed 13696K, reserved 1048576K
}
Event: 903.545 GC heap before
{Heap before GC invocations=33 (full 4):
 PSYoungGen      total 331776K, used 275628K [0x00000000e0000000, 0x00000000f9400000, 0x0000000100000000)
  eden space 261120K, 100% used [0x00000000e0000000,0x00000000eff00000,0x00000000eff00000)
  from space 70656K, 20% used [0x00000000f4f00000,0x00000000f5d2b128,0x00000000f9400000)
  to   space 76288K, 0% used [0x00000000eff00000,0x00000000eff00000,0x00000000f4980000)
 ParOldGen       total 213504K, used 107003K [0x00000000a0000000, 0x00000000ad080000, 0x00000000e0000000)
  object space 213504K, 50% used [0x00000000a0000000,0x00000000a687ec58,0x00000000ad080000)
 Metaspace       used 95080K, capacity 100059K, committed 100224K, reserved 1136640K
  class space    used 12763K, capacity 13639K, committed 13696K, reserved 1048576K
Event: 903.600 GC heap after
Heap after GC invocations=33 (full 4):
 PSYoungGen      total 337408K, used 48937K [0x00000000e0000000, 0x00000000fca80000, 0x0000000100000000)
  eden space 261120K, 0% used [0x00000000e0000000,0x00000000e0000000,0x00000000eff00000)
  from space 76288K, 64% used [0x00000000eff00000,0x00000000f2eca478,0x00000000f4980000)
  to   space 79360K, 0% used [0x00000000f7d00000,0x00000000f7d00000,0x00000000fca80000)
 ParOldGen       total 213504K, used 107943K [0x00000000a0000000, 0x00000000ad080000, 0x00000000e0000000)
  object space 213504K, 50% used [0x00000000a0000000,0x00000000a6969cf8,0x00000000ad080000)
 Metaspace       used 95080K, capacity 100059K, committed 100224K, reserved 1136640K
  class space    used 12763K, capacity 13639K, committed 13696K, reserved 1048576K
}
Event: 985.873 GC heap before
{Heap before GC invocations=34 (full 4):
 PSYoungGen      total 337408K, used 310057K [0x00000000e0000000, 0x00000000fca80000, 0x0000000100000000)
  eden space 261120K, 100% used [0x00000000e0000000,0x00000000eff00000,0x00000000eff00000)
  from space 76288K, 64% used [0x00000000eff00000,0x00000000f2eca478,0x00000000f4980000)
  to   space 79360K, 0% used [0x00000000f7d00000,0x00000000f7d00000,0x00000000fca80000)
 ParOldGen       total 213504K, used 107943K [0x00000000a0000000, 0x00000000ad080000, 0x00000000e0000000)
  object space 213504K, 50% used [0x00000000a0000000,0x00000000a6969cf8,0x00000000ad080000)
 Metaspace       used 95237K, capacity 100233K, committed 100480K, reserved 1136640K
  class space    used 12767K, capacity 13646K, committed 13696K, reserved 1048576K
Event: 985.888 GC heap after
Heap after GC invocations=34 (full 4):
 PSYoungGen      total 376832K, used 10811K [0x00000000e0000000, 0x00000000fc280000, 0x0000000100000000)
  eden space 305664K, 0% used [0x00000000e0000000,0x00000000e0000000,0x00000000f2a80000)
  from space 71168K, 15% used [0x00000000f7d00000,0x00000000f878ee58,0x00000000fc280000)
  to   space 77824K, 0% used [0x00000000f2a80000,0x00000000f2a80000,0x00000000f7680000)
 ParOldGen       total 213504K, used 108367K [0x00000000a0000000, 0x00000000ad080000, 0x00000000e0000000)
  object space 213504K, 50% used [0x00000000a0000000,0x00000000a69d3d08,0x00000000ad080000)
 Metaspace       used 95237K, capacity 100233K, committed 100480K, reserved 1136640K
  class space    used 12767K, capacity 13646K, committed 13696K, reserved 1048576K
}

