# JRE version: Java(TM) SE Runtime Environment (8.0_181-b13) (build 1.8.0_181-b13)
# Java VM: Java HotSpot(TM) 64-Bit Server VM (25.181-b13 mixed mode windows-amd64 compressed oops)
Heap:
 PSYoungGen      total 419840K, used 81634K [0x00000000e0000000, 0x0000000100000000, 0x0000000100000000)
  eden space 312832K, 26% used [0x00000000e0000000,0x00000000e4fb8a40,0x00000000f3180000)
  from space 107008K, 0% used [0x00000000f9780000,0x00000000f9780000,0x0000000100000000)
  to   space 104448K, 0% used [0x00000000f3180000,0x00000000f3180000,0x00000000f9780000)
 ParOldGen       total 199168K, used 57241K [0x00000000a0000000, 0x00000000ac280000, 0x00000000e0000000)
  object space 199168K, 28% used [0x00000000a0000000,0x00000000a37e6678,0x00000000ac280000)
 Metaspace       used 108425K, capacity 116012K, committed 118616K, reserved 1153024K
  class space    used 14237K, capacity 15450K, committed 16000K, reserved 1048576K
GC Heap History (10 events):
Event: 14228.539 GC heap before
{Heap before GC invocations=67 (full 8):
 PSYoungGen      total 411136K, used 386839K [0x00000000e0000000, 0x0000000100000000, 0x0000000100000000)
  eden space 315392K, 100% used [0x00000000e0000000,0x00000000f3400000,0x00000000f3400000)
  from space 95744K, 74% used [0x00000000fa280000,0x00000000fe845f18,0x0000000100000000)
  to   space 104448K, 0% used [0x00000000f3400000,0x00000000f3400000,0x00000000f9a00000)
 ParOldGen       total 199168K, used 78035K [0x00000000a0000000, 0x00000000ac280000, 0x00000000e0000000)
  object space 199168K, 39% used [0x00000000a0000000,0x00000000a4c34d80,0x00000000ac280000)
 Metaspace       used 109949K, capacity 118112K, committed 118616K, reserved 1153024K
  class space    used 14487K, capacity 15796K, committed 16000K, reserved 1048576K
Event: 14229.300 GC heap after
Heap after GC invocations=67 (full 8):
 PSYoungGen      total 419840K, used 20054K [0x00000000e0000000, 0x00000000fff80000, 0x0000000100000000)
  eden space 315392K, 0% used [0x00000000e0000000,0x00000000e0000000,0x00000000f3400000)
  from space 104448K, 19% used [0x00000000f3400000,0x00000000f4795a00,0x00000000f9a00000)
  to   space 99840K, 0% used [0x00000000f9e00000,0x00000000f9e00000,0x00000000fff80000)
 ParOldGen       total 199168K, used 78723K [0x00000000a0000000, 0x00000000ac280000, 0x00000000e0000000)
  object space 199168K, 39% used [0x00000000a0000000,0x00000000a4ce0dc0,0x00000000ac280000)
 Metaspace       used 109949K, capacity 118112K, committed 118616K, reserved 1153024K
  class space    used 14487K, capacity 15796K, committed 16000K, reserved 1048576K
}
Event: 14412.880 GC heap before
{Heap before GC invocations=68 (full 8):
 PSYoungGen      total 419840K, used 335446K [0x00000000e0000000, 0x00000000fff80000, 0x0000000100000000)
  eden space 315392K, 100% used [0x00000000e0000000,0x00000000f3400000,0x00000000f3400000)
  from space 104448K, 19% used [0x00000000f3400000,0x00000000f4795a00,0x00000000f9a00000)
  to   space 99840K, 0% used [0x00000000f9e00000,0x00000000f9e00000,0x00000000fff80000)
 ParOldGen       total 199168K, used 78723K [0x00000000a0000000, 0x00000000ac280000, 0x00000000e0000000)
  object space 199168K, 39% used [0x00000000a0000000,0x00000000a4ce0dc0,0x00000000ac280000)
 Metaspace       used 110044K, capacity 118176K, committed 118616K, reserved 1153024K
  class space    used 14487K, capacity 15796K, committed 16000K, reserved 1048576K
Event: 14412.913 GC heap after
Heap after GC invocations=68 (full 8):
 PSYoungGen      total 408576K, used 16299K [0x00000000e0000000, 0x00000000ff480000, 0x0000000100000000)
  eden space 320000K, 0% used [0x00000000e0000000,0x00000000e0000000,0x00000000f3880000)
  from space 88576K, 18% used [0x00000000f9e00000,0x00000000fadeaf90,0x00000000ff480000)
  to   space 96256K, 0% used [0x00000000f3880000,0x00000000f3880000,0x00000000f9680000)
 ParOldGen       total 199168K, used 78835K [0x00000000a0000000, 0x00000000ac280000, 0x00000000e0000000)
  object space 199168K, 39% used [0x00000000a0000000,0x00000000a4cfcdd0,0x00000000ac280000)
 Metaspace       used 110044K, capacity 118176K, committed 118616K, reserved 1153024K
  class space    used 14487K, capacity 15796K, committed 16000K, reserved 1048576K
}
Event: 14426.396 GC heap before
{Heap before GC invocations=69 (full 8):
 PSYoungGen      total 408576K, used 336169K [0x00000000e0000000, 0x00000000ff480000, 0x0000000100000000)
  eden space 320000K, 99% used [0x00000000e0000000,0x00000000f385f768,0x00000000f3880000)
  from space 88576K, 18% used [0x00000000f9e00000,0x00000000fadeaf90,0x00000000ff480000)
  to   space 96256K, 0% used [0x00000000f3880000,0x00000000f3880000,0x00000000f9680000)
 ParOldGen       total 199168K, used 78835K [0x00000000a0000000, 0x00000000ac280000, 0x00000000e0000000)
  object space 199168K, 39% used [0x00000000a0000000,0x00000000a4cfcdd0,0x00000000ac280000)
 Metaspace       used 110087K, capacity 118248K, committed 118616K, reserved 1153024K
  class space    used 14487K, capacity 15796K, committed 16000K, reserved 1048576K
Event: 14429.403 GC heap after
Heap after GC invocations=69 (full 8):
 PSYoungGen      total 416256K, used 77765K [0x00000000e0000000, 0x0000000100000000, 0x0000000100000000)
  eden space 320000K, 0% used [0x00000000e0000000,0x00000000e0000000,0x00000000f3880000)
  from space 96256K, 80% used [0x00000000f3880000,0x00000000f84714e0,0x00000000f9680000)
  to   space 107008K, 0% used [0x00000000f9780000,0x00000000f9780000,0x0000000100000000)
 ParOldGen       total 199168K, used 84694K [0x00000000a0000000, 0x00000000ac280000, 0x00000000e0000000)
  object space 199168K, 42% used [0x00000000a0000000,0x00000000a52b5ac0,0x00000000ac280000)
 Metaspace       used 110087K, capacity 118248K, committed 118616K, reserved 1153024K
  class space    used 14487K, capacity 15796K, committed 16000K, reserved 1048576K
}
Event: 15185.989 GC heap before
{Heap before GC invocations=70 (full 8):
 PSYoungGen      total 416256K, used 210496K [0x00000000e0000000, 0x0000000100000000, 0x0000000100000000)
  eden space 320000K, 41% used [0x00000000e0000000,0x00000000e819ec40,0x00000000f3880000)
  from space 96256K, 80% used [0x00000000f3880000,0x00000000f84714e0,0x00000000f9680000)
  to   space 107008K, 0% used [0x00000000f9780000,0x00000000f9780000,0x0000000100000000)
 ParOldGen       total 199168K, used 84694K [0x00000000a0000000, 0x00000000ac280000, 0x00000000e0000000)
  object space 199168K, 42% used [0x00000000a0000000,0x00000000a52b5ac0,0x00000000ac280000)
 Metaspace       used 110096K, capacity 118248K, committed 118616K, reserved 1153024K
  class space    used 14487K, capacity 15796K, committed 16000K, reserved 1048576K
Event: 15186.414 GC heap after
Heap after GC invocations=70 (full 8):
 PSYoungGen      total 419840K, used 7855K [0x00000000e0000000, 0x0000000100000000, 0x0000000100000000)
  eden space 312832K, 0% used [0x00000000e0000000,0x00000000e0000000,0x00000000f3180000)
  from space 107008K, 7% used [0x00000000f9780000,0x00000000f9f2bc60,0x0000000100000000)
  to   space 104448K, 0% used [0x00000000f3180000,0x00000000f3180000,0x00000000f9780000)
 ParOldGen       total 199168K, used 85509K [0x00000000a0000000, 0x00000000ac280000, 0x00000000e0000000)
  object space 199168K, 42% used [0x00000000a0000000,0x00000000a53817f0,0x00000000ac280000)
 Metaspace       used 110096K, capacity 118248K, committed 118616K, reserved 1153024K
  class space    used 14487K, capacity 15796K, committed 16000K, reserved 1048576K
}
Event: 15186.429 GC heap before
{Heap before GC invocations=71 (full 9):
 PSYoungGen      total 419840K, used 7855K [0x00000000e0000000, 0x0000000100000000, 0x0000000100000000)
  eden space 312832K, 0% used [0x00000000e0000000,0x00000000e0000000,0x00000000f3180000)
  from space 107008K, 7% used [0x00000000f9780000,0x00000000f9f2bc60,0x0000000100000000)
  to   space 104448K, 0% used [0x00000000f3180000,0x00000000f3180000,0x00000000f9780000)
 ParOldGen       total 199168K, used 85509K [0x00000000a0000000, 0x00000000ac280000, 0x00000000e0000000)
  object space 199168K, 42% used [0x00000000a0000000,0x00000000a53817f0,0x00000000ac280000)
 Metaspace       used 110096K, capacity 118248K, committed 118616K, reserved 1153024K
  class space    used 14487K, capacity 15796K, committed 16000K, reserved 1048576K
Event: 15202.185 GC heap after
Heap after GC invocations=71 (full 9):
 PSYoungGen      total 419840K, used 0K [0x00000000e0000000, 0x0000000100000000, 0x0000000100000000)
  eden space 312832K, 0% used [0x00000000e0000000,0x00000000e0000000,0x00000000f3180000)
  from space 107008K, 0% used [0x00000000f9780000,0x00000000f9780000,0x0000000100000000)
  to   space 104448K, 0% used [0x00000000f3180000,0x00000000f3180000,0x00000000f9780000)
 ParOldGen       total 199168K, used 57241K [0x00000000a0000000, 0x00000000ac280000, 0x00000000e0000000)
  object space 199168K, 28% used [0x00000000a0000000,0x00000000a37e6678,0x00000000ac280000)
 Metaspace       used 108410K, capacity 116012K, committed 118616K, reserved 1153024K
  class space    used 14237K, capacity 15450K, committed 16000K, reserved 1048576K
}

