# JRE version: Java(TM) SE Runtime Environment (8.0_181-b13) (build 1.8.0_181-b13)
# Java VM: Java HotSpot(TM) 64-Bit Server VM (25.181-b13 mixed mode windows-amd64 compressed oops)
Heap:
 PSYoungGen      total 361984K, used 198848K [0x00000000e0000000, 0x00000000f8f00000, 0x0000000100000000)
  eden space 329728K, 51% used [0x00000000e0000000,0x00000000ea6a4338,0x00000000f4200000)
  from space 32256K, 87% used [0x00000000f6f80000,0x00000000f8b0bdc8,0x00000000f8f00000)
  to   space 39424K, 0% used [0x00000000f4200000,0x00000000f4200000,0x00000000f6880000)
 ParOldGen       total 113152K, used 81388K [0x00000000a0000000, 0x00000000a6e80000, 0x00000000e0000000)
  object space 113152K, 71% used [0x00000000a0000000,0x00000000a4f7b320,0x00000000a6e80000)
 Metaspace       used 83832K, capacity 87481K, committed 87552K, reserved 1124352K
  class space    used 11566K, capacity 12243K, committed 12288K, reserved 1048576K
GC Heap History (10 events):
Event: 32.176 GC heap before
{Heap before GC invocations=15 (full 3):
 PSYoungGen      total 211968K, used 1155K [0x00000000e0000000, 0x00000000efb00000, 0x0000000100000000)
  eden space 192000K, 0% used [0x00000000e0000000,0x00000000e0000000,0x00000000ebb80000)
  from space 19968K, 5% used [0x00000000ecf80000,0x00000000ed0a0e60,0x00000000ee300000)
  to   space 20480K, 0% used [0x00000000ebb80000,0x00000000ebb80000,0x00000000ecf80000)
 ParOldGen       total 82944K, used 36270K [0x00000000a0000000, 0x00000000a5100000, 0x00000000e0000000)
  object space 82944K, 43% used [0x00000000a0000000,0x00000000a236b880,0x00000000a5100000)
 Metaspace       used 57150K, capacity 58947K, committed 59028K, reserved 1099776K
  class space    used 8027K, capacity 8448K, committed 8448K, reserved 1048576K
Event: 32.417 GC heap after
Heap after GC invocations=15 (full 3):
 PSYoungGen      total 211968K, used 0K [0x00000000e0000000, 0x00000000efb00000, 0x0000000100000000)
  eden space 192000K, 0% used [0x00000000e0000000,0x00000000e0000000,0x00000000ebb80000)
  from space 19968K, 0% used [0x00000000ecf80000,0x00000000ecf80000,0x00000000ee300000)
  to   space 20480K, 0% used [0x00000000ebb80000,0x00000000ebb80000,0x00000000ecf80000)
 ParOldGen       total 113152K, used 29880K [0x00000000a0000000, 0x00000000a6e80000, 0x00000000e0000000)
  object space 113152K, 26% used [0x00000000a0000000,0x00000000a1d2e150,0x00000000a6e80000)
 Metaspace       used 57150K, capacity 58947K, committed 59028K, reserved 1099776K
  class space    used 8027K, capacity 8448K, committed 8448K, reserved 1048576K
}
Event: 38.165 GC heap before
{Heap before GC invocations=16 (full 3):
 PSYoungGen      total 211968K, used 192000K [0x00000000e0000000, 0x00000000efb00000, 0x0000000100000000)
  eden space 192000K, 100% used [0x00000000e0000000,0x00000000ebb80000,0x00000000ebb80000)
  from space 19968K, 0% used [0x00000000ecf80000,0x00000000ecf80000,0x00000000ee300000)
  to   space 20480K, 0% used [0x00000000ebb80000,0x00000000ebb80000,0x00000000ecf80000)
 ParOldGen       total 113152K, used 29880K [0x00000000a0000000, 0x00000000a6e80000, 0x00000000e0000000)
  object space 113152K, 26% used [0x00000000a0000000,0x00000000a1d2e150,0x00000000a6e80000)
 Metaspace       used 63106K, capacity 65403K, committed 65664K, reserved 1105920K
  class space    used 8839K, capacity 9321K, committed 9344K, reserved 1048576K
Event: 38.188 GC heap after
Heap after GC invocations=16 (full 3):
 PSYoungGen      total 212480K, used 17373K [0x00000000e0000000, 0x00000000f3000000, 0x0000000100000000)
  eden space 192000K, 0% used [0x00000000e0000000,0x00000000e0000000,0x00000000ebb80000)
  from space 20480K, 84% used [0x00000000ebb80000,0x00000000ecc77478,0x00000000ecf80000)
  to   space 22528K, 0% used [0x00000000f1a00000,0x00000000f1a00000,0x00000000f3000000)
 ParOldGen       total 113152K, used 29888K [0x00000000a0000000, 0x00000000a6e80000, 0x00000000e0000000)
  object space 113152K, 26% used [0x00000000a0000000,0x00000000a1d30150,0x00000000a6e80000)
 Metaspace       used 63106K, capacity 65403K, committed 65664K, reserved 1105920K
  class space    used 8839K, capacity 9321K, committed 9344K, reserved 1048576K
}
Event: 45.511 GC heap before
{Heap before GC invocations=17 (full 3):
 PSYoungGen      total 212480K, used 209373K [0x00000000e0000000, 0x00000000f3000000, 0x0000000100000000)
  eden space 192000K, 100% used [0x00000000e0000000,0x00000000ebb80000,0x00000000ebb80000)
  from space 20480K, 84% used [0x00000000ebb80000,0x00000000ecc77478,0x00000000ecf80000)
  to   space 22528K, 0% used [0x00000000f1a00000,0x00000000f1a00000,0x00000000f3000000)
 ParOldGen       total 113152K, used 29888K [0x00000000a0000000, 0x00000000a6e80000, 0x00000000e0000000)
  object space 113152K, 26% used [0x00000000a0000000,0x00000000a1d30150,0x00000000a6e80000)
 Metaspace       used 74862K, capacity 77973K, committed 78080K, reserved 1116160K
  class space    used 10569K, capacity 11201K, committed 11264K, reserved 1048576K
Event: 45.579 GC heap after
Heap after GC invocations=17 (full 3):
 PSYoungGen      total 273920K, used 22513K [0x00000000e0000000, 0x00000000f4a00000, 0x0000000100000000)
  eden space 251392K, 0% used [0x00000000e0000000,0x00000000e0000000,0x00000000ef580000)
  from space 22528K, 99% used [0x00000000f1a00000,0x00000000f2ffc628,0x00000000f3000000)
  to   space 37376K, 0% used [0x00000000ef580000,0x00000000ef580000,0x00000000f1a00000)
 ParOldGen       total 113152K, used 61344K [0x00000000a0000000, 0x00000000a6e80000, 0x00000000e0000000)
  object space 113152K, 54% used [0x00000000a0000000,0x00000000a3be81f8,0x00000000a6e80000)
 Metaspace       used 74862K, capacity 77973K, committed 78080K, reserved 1116160K
  class space    used 10569K, capacity 11201K, committed 11264K, reserved 1048576K
}
Event: 49.094 GC heap before
{Heap before GC invocations=18 (full 3):
 PSYoungGen      total 273920K, used 273905K [0x00000000e0000000, 0x00000000f4a00000, 0x0000000100000000)
  eden space 251392K, 100% used [0x00000000e0000000,0x00000000ef580000,0x00000000ef580000)
  from space 22528K, 99% used [0x00000000f1a00000,0x00000000f2ffc628,0x00000000f3000000)
  to   space 37376K, 0% used [0x00000000ef580000,0x00000000ef580000,0x00000000f1a00000)
 ParOldGen       total 113152K, used 61344K [0x00000000a0000000, 0x00000000a6e80000, 0x00000000e0000000)
  object space 113152K, 54% used [0x00000000a0000000,0x00000000a3be81f8,0x00000000a6e80000)
 Metaspace       used 76649K, capacity 79915K, committed 80128K, reserved 1118208K
  class space    used 10801K, capacity 11454K, committed 11520K, reserved 1048576K
Event: 49.121 GC heap after
Heap after GC invocations=18 (full 3):
 PSYoungGen      total 288768K, used 7623K [0x00000000e0000000, 0x00000000f9300000, 0x0000000100000000)
  eden space 251392K, 0% used [0x00000000e0000000,0x00000000e0000000,0x00000000ef580000)
  from space 37376K, 20% used [0x00000000ef580000,0x00000000efcf1c88,0x00000000f1a00000)
  to   space 36352K, 0% used [0x00000000f6f80000,0x00000000f6f80000,0x00000000f9300000)
 ParOldGen       total 113152K, used 74495K [0x00000000a0000000, 0x00000000a6e80000, 0x00000000e0000000)
  object space 113152K, 65% used [0x00000000a0000000,0x00000000a48bfe10,0x00000000a6e80000)
 Metaspace       used 76649K, capacity 79915K, committed 80128K, reserved 1118208K
  class space    used 10801K, capacity 11454K, committed 11520K, reserved 1048576K
}
Event: 399.551 GC heap before
{Heap before GC invocations=19 (full 3):
 PSYoungGen      total 288768K, used 258935K [0x00000000e0000000, 0x00000000f9300000, 0x0000000100000000)
  eden space 251392K, 99% used [0x00000000e0000000,0x00000000ef56c0c0,0x00000000ef580000)
  from space 37376K, 20% used [0x00000000ef580000,0x00000000efcf1c88,0x00000000f1a00000)
  to   space 36352K, 0% used [0x00000000f6f80000,0x00000000f6f80000,0x00000000f9300000)
 ParOldGen       total 113152K, used 74495K [0x00000000a0000000, 0x00000000a6e80000, 0x00000000e0000000)
  object space 113152K, 65% used [0x00000000a0000000,0x00000000a48bfe10,0x00000000a6e80000)
 Metaspace       used 83809K, capacity 87477K, committed 87552K, reserved 1124352K
  class space    used 11565K, capacity 12243K, committed 12288K, reserved 1048576K
Event: 399.591 GC heap after
Heap after GC invocations=19 (full 3):
 PSYoungGen      total 361984K, used 28207K [0x00000000e0000000, 0x00000000f8f00000, 0x0000000100000000)
  eden space 329728K, 0% used [0x00000000e0000000,0x00000000e0000000,0x00000000f4200000)
  from space 32256K, 87% used [0x00000000f6f80000,0x00000000f8b0bdc8,0x00000000f8f00000)
  to   space 39424K, 0% used [0x00000000f4200000,0x00000000f4200000,0x00000000f6880000)
 ParOldGen       total 113152K, used 81388K [0x00000000a0000000, 0x00000000a6e80000, 0x00000000e0000000)
  object space 113152K, 71% used [0x00000000a0000000,0x00000000a4f7b320,0x00000000a6e80000)
 Metaspace       used 83809K, capacity 87477K, committed 87552K, reserved 1124352K
  class space    used 11565K, capacity 12243K, committed 12288K, reserved 1048576K
}

