# JRE version: Java(TM) SE Runtime Environment (8.0_181-b13) (build 1.8.0_181-b13)
# Java VM: Java HotSpot(TM) 64-Bit Server VM (25.181-b13 mixed mode windows-amd64 compressed oops)
Heap:
 PSYoungGen      total 409600K, used 134943K [0x00000000e0000000, 0x00000000ffb00000, 0x0000000100000000)
  eden space 294912K, 34% used [0x00000000e0000000,0x00000000e64cb8b8,0x00000000f2000000)
  from space 114688K, 27% used [0x00000000f2000000,0x00000000f3efc640,0x00000000f9000000)
  to   space 108544K, 0% used [0x00000000f9100000,0x00000000f9100000,0x00000000ffb00000)
 ParOldGen       total 263168K, used 85383K [0x00000000a0000000, 0x00000000b0100000, 0x00000000e0000000)
  object space 263168K, 32% used [0x00000000a0000000,0x00000000a5361d18,0x00000000b0100000)
 Metaspace       used 96407K, capacity 103790K, committed 103936K, reserved 1138688K
  class space    used 12612K, capacity 13771K, committed 13824K, reserved 1048576K
GC Heap History (10 events):
Event: 11405.230 GC heap before
{Heap before GC invocations=114 (full 7):
 PSYoungGen      total 404992K, used 302565K [0x00000000e0000000, 0x0000000100000000, 0x0000000100000000)
  eden space 292352K, 100% used [0x00000000e0000000,0x00000000f1d80000,0x00000000f1d80000)
  from space 112640K, 9% used [0x00000000f8a00000,0x00000000f93f9618,0x00000000ff800000)
  to   space 111104K, 0% used [0x00000000f1d80000,0x00000000f1d80000,0x00000000f8a00000)
 ParOldGen       total 263168K, used 84719K [0x00000000a0000000, 0x00000000b0100000, 0x00000000e0000000)
  object space 263168K, 32% used [0x00000000a0000000,0x00000000a52bbcd8,0x00000000b0100000)
 Metaspace       used 96171K, capacity 103488K, committed 103680K, reserved 1138688K
  class space    used 12588K, capacity 13766K, committed 13824K, reserved 1048576K
Event: 11405.474 GC heap after
Heap after GC invocations=114 (full 7):
 PSYoungGen      total 403456K, used 61484K [0x00000000e0000000, 0x0000000100000000, 0x0000000100000000)
  eden space 292352K, 0% used [0x00000000e0000000,0x00000000e0000000,0x00000000f1d80000)
  from space 111104K, 55% used [0x00000000f1d80000,0x00000000f598b380,0x00000000f8a00000)
  to   space 112128K, 0% used [0x00000000f9280000,0x00000000f9280000,0x0000000100000000)
 ParOldGen       total 263168K, used 84823K [0x00000000a0000000, 0x00000000b0100000, 0x00000000e0000000)
  object space 263168K, 32% used [0x00000000a0000000,0x00000000a52d5ce8,0x00000000b0100000)
 Metaspace       used 96171K, capacity 103488K, committed 103680K, reserved 1138688K
  class space    used 12588K, capacity 13766K, committed 13824K, reserved 1048576K
}
Event: 11556.945 GC heap before
{Heap before GC invocations=115 (full 7):
 PSYoungGen      total 403456K, used 353836K [0x00000000e0000000, 0x0000000100000000, 0x0000000100000000)
  eden space 292352K, 100% used [0x00000000e0000000,0x00000000f1d80000,0x00000000f1d80000)
  from space 111104K, 55% used [0x00000000f1d80000,0x00000000f598b380,0x00000000f8a00000)
  to   space 112128K, 0% used [0x00000000f9280000,0x00000000f9280000,0x0000000100000000)
 ParOldGen       total 263168K, used 84823K [0x00000000a0000000, 0x00000000b0100000, 0x00000000e0000000)
  object space 263168K, 32% used [0x00000000a0000000,0x00000000a52d5ce8,0x00000000b0100000)
 Metaspace       used 96193K, capacity 103552K, committed 103680K, reserved 1138688K
  class space    used 12588K, capacity 13766K, committed 13824K, reserved 1048576K
Event: 11556.979 GC heap after
Heap after GC invocations=115 (full 7):
 PSYoungGen      total 409088K, used 14213K [0x00000000e0000000, 0x00000000ffc00000, 0x0000000100000000)
  eden space 301056K, 0% used [0x00000000e0000000,0x00000000e0000000,0x00000000f2600000)
  from space 108032K, 13% used [0x00000000f9280000,0x00000000fa061648,0x00000000ffc00000)
  to   space 109568K, 0% used [0x00000000f2600000,0x00000000f2600000,0x00000000f9100000)
 ParOldGen       total 263168K, used 85047K [0x00000000a0000000, 0x00000000b0100000, 0x00000000e0000000)
  object space 263168K, 32% used [0x00000000a0000000,0x00000000a530dcf8,0x00000000b0100000)
 Metaspace       used 96193K, capacity 103552K, committed 103680K, reserved 1138688K
  class space    used 12588K, capacity 13766K, committed 13824K, reserved 1048576K
}
Event: 11559.568 GC heap before
{Heap before GC invocations=116 (full 7):
 PSYoungGen      total 409088K, used 315269K [0x00000000e0000000, 0x00000000ffc00000, 0x0000000100000000)
  eden space 301056K, 100% used [0x00000000e0000000,0x00000000f2600000,0x00000000f2600000)
  from space 108032K, 13% used [0x00000000f9280000,0x00000000fa061648,0x00000000ffc00000)
  to   space 109568K, 0% used [0x00000000f2600000,0x00000000f2600000,0x00000000f9100000)
 ParOldGen       total 263168K, used 85047K [0x00000000a0000000, 0x00000000b0100000, 0x00000000e0000000)
  object space 263168K, 32% used [0x00000000a0000000,0x00000000a530dcf8,0x00000000b0100000)
 Metaspace       used 96293K, capacity 103684K, committed 103936K, reserved 1138688K
  class space    used 12609K, capacity 13766K, committed 13824K, reserved 1048576K
Event: 11559.635 GC heap after
Heap after GC invocations=116 (full 7):
 PSYoungGen      total 410624K, used 8450K [0x00000000e0000000, 0x00000000ffd80000, 0x0000000100000000)
  eden space 301056K, 0% used [0x00000000e0000000,0x00000000e0000000,0x00000000f2600000)
  from space 109568K, 7% used [0x00000000f2600000,0x00000000f2e40b30,0x00000000f9100000)
  to   space 107520K, 0% used [0x00000000f9480000,0x00000000f9480000,0x00000000ffd80000)
 ParOldGen       total 263168K, used 85047K [0x00000000a0000000, 0x00000000b0100000, 0x00000000e0000000)
  object space 263168K, 32% used [0x00000000a0000000,0x00000000a530dcf8,0x00000000b0100000)
 Metaspace       used 96293K, capacity 103684K, committed 103936K, reserved 1138688K
  class space    used 12609K, capacity 13766K, committed 13824K, reserved 1048576K
}
Event: 11634.963 GC heap before
{Heap before GC invocations=117 (full 7):
 PSYoungGen      total 410624K, used 309506K [0x00000000e0000000, 0x00000000ffd80000, 0x0000000100000000)
  eden space 301056K, 100% used [0x00000000e0000000,0x00000000f2600000,0x00000000f2600000)
  from space 109568K, 7% used [0x00000000f2600000,0x00000000f2e40b30,0x00000000f9100000)
  to   space 107520K, 0% used [0x00000000f9480000,0x00000000f9480000,0x00000000ffd80000)
 ParOldGen       total 263168K, used 85047K [0x00000000a0000000, 0x00000000b0100000, 0x00000000e0000000)
  object space 263168K, 32% used [0x00000000a0000000,0x00000000a530dcf8,0x00000000b0100000)
 Metaspace       used 96303K, capacity 103688K, committed 103936K, reserved 1138688K
  class space    used 12609K, capacity 13766K, committed 13824K, reserved 1048576K
Event: 11635.571 GC heap after
Heap after GC invocations=117 (full 7):
 PSYoungGen      total 402432K, used 73955K [0x00000000e0000000, 0x0000000100000000, 0x0000000100000000)
  eden space 294912K, 0% used [0x00000000e0000000,0x00000000e0000000,0x00000000f2000000)
  from space 107520K, 68% used [0x00000000f9480000,0x00000000fdcb8ef0,0x00000000ffd80000)
  to   space 114688K, 0% used [0x00000000f2000000,0x00000000f2000000,0x00000000f9000000)
 ParOldGen       total 263168K, used 85247K [0x00000000a0000000, 0x00000000b0100000, 0x00000000e0000000)
  object space 263168K, 32% used [0x00000000a0000000,0x00000000a533fd08,0x00000000b0100000)
 Metaspace       used 96303K, capacity 103688K, committed 103936K, reserved 1138688K
  class space    used 12609K, capacity 13766K, committed 13824K, reserved 1048576K
}
Event: 11693.391 GC heap before
{Heap before GC invocations=118 (full 7):
 PSYoungGen      total 402432K, used 368867K [0x00000000e0000000, 0x0000000100000000, 0x0000000100000000)
  eden space 294912K, 100% used [0x00000000e0000000,0x00000000f2000000,0x00000000f2000000)
  from space 107520K, 68% used [0x00000000f9480000,0x00000000fdcb8ef0,0x00000000ffd80000)
  to   space 114688K, 0% used [0x00000000f2000000,0x00000000f2000000,0x00000000f9000000)
 ParOldGen       total 263168K, used 85247K [0x00000000a0000000, 0x00000000b0100000, 0x00000000e0000000)
  object space 263168K, 32% used [0x00000000a0000000,0x00000000a533fd08,0x00000000b0100000)
 Metaspace       used 96406K, capacity 103790K, committed 103936K, reserved 1138688K
  class space    used 12612K, capacity 13771K, committed 13824K, reserved 1048576K
Event: 11693.429 GC heap after
Heap after GC invocations=118 (full 7):
 PSYoungGen      total 409600K, used 31729K [0x00000000e0000000, 0x00000000ffb00000, 0x0000000100000000)
  eden space 294912K, 0% used [0x00000000e0000000,0x00000000e0000000,0x00000000f2000000)
  from space 114688K, 27% used [0x00000000f2000000,0x00000000f3efc640,0x00000000f9000000)
  to   space 108544K, 0% used [0x00000000f9100000,0x00000000f9100000,0x00000000ffb00000)
 ParOldGen       total 263168K, used 85383K [0x00000000a0000000, 0x00000000b0100000, 0x00000000e0000000)
  object space 263168K, 32% used [0x00000000a0000000,0x00000000a5361d18,0x00000000b0100000)
 Metaspace       used 96406K, capacity 103790K, committed 103936K, reserved 1138688K
  class space    used 12612K, capacity 13771K, committed 13824K, reserved 1048576K
}

