# JRE version: Java(TM) SE Runtime Environment (8.0_181-b13) (build 1.8.0_181-b13)
# Java VM: Java HotSpot(TM) 64-Bit Server VM (25.181-b13 mixed mode windows-amd64 compressed oops)
Heap:
 PSYoungGen      total 260096K, used 35327K [0x00000000e0000000, 0x00000000f8700000, 0x0000000100000000)
  eden space 224768K, 0% used [0x00000000e0000000,0x00000000e0000000,0x00000000edb80000)
  from space 35328K, 99% used [0x00000000edb80000,0x00000000efdffd80,0x00000000efe00000)
  to   space 55808K, 0% used [0x00000000f5080000,0x00000000f5080000,0x00000000f8700000)
 ParOldGen       total 122880K, used 95709K [0x00000000a0000000, 0x00000000a7800000, 0x00000000e0000000)
  object space 122880K, 77% used [0x00000000a0000000,0x00000000a5d77518,0x00000000a7800000)
 Metaspace       used 76148K, capacity 79214K, committed 79488K, reserved 1118208K
  class space    used 10742K, capacity 11353K, committed 11392K, reserved 1048576K
GC Heap History (10 events):
Event: 13.134 GC heap after
Heap after GC invocations=14 (full 2):
 PSYoungGen      total 204800K, used 1172K [0x00000000e0000000, 0x00000000ef980000, 0x0000000100000000)
  eden space 184832K, 0% used [0x00000000e0000000,0x00000000e0000000,0x00000000eb480000)
  from space 19968K, 5% used [0x00000000ec880000,0x00000000ec9a5020,0x00000000edc00000)
  to   space 20480K, 0% used [0x00000000eb480000,0x00000000eb480000,0x00000000ec880000)
 ParOldGen       total 86528K, used 35221K [0x00000000a0000000, 0x00000000a5480000, 0x00000000e0000000)
  object space 86528K, 40% used [0x00000000a0000000,0x00000000a22656c8,0x00000000a5480000)
 Metaspace       used 57291K, capacity 59000K, committed 59028K, reserved 1099776K
  class space    used 8027K, capacity 8447K, committed 8448K, reserved 1048576K
}
Event: 13.134 GC heap before
{Heap before GC invocations=15 (full 3):
 PSYoungGen      total 204800K, used 1172K [0x00000000e0000000, 0x00000000ef980000, 0x0000000100000000)
  eden space 184832K, 0% used [0x00000000e0000000,0x00000000e0000000,0x00000000eb480000)
  from space 19968K, 5% used [0x00000000ec880000,0x00000000ec9a5020,0x00000000edc00000)
  to   space 20480K, 0% used [0x00000000eb480000,0x00000000eb480000,0x00000000ec880000)
 ParOldGen       total 86528K, used 35221K [0x00000000a0000000, 0x00000000a5480000, 0x00000000e0000000)
  object space 86528K, 40% used [0x00000000a0000000,0x00000000a22656c8,0x00000000a5480000)
 Metaspace       used 57291K, capacity 59000K, committed 59028K, reserved 1099776K
  class space    used 8027K, capacity 8447K, committed 8448K, reserved 1048576K
Event: 13.397 GC heap after
Heap after GC invocations=15 (full 3):
 PSYoungGen      total 204800K, used 0K [0x00000000e0000000, 0x00000000ef980000, 0x0000000100000000)
  eden space 184832K, 0% used [0x00000000e0000000,0x00000000e0000000,0x00000000eb480000)
  from space 19968K, 0% used [0x00000000ec880000,0x00000000ec880000,0x00000000edc00000)
  to   space 20480K, 0% used [0x00000000eb480000,0x00000000eb480000,0x00000000ec880000)
 ParOldGen       total 122880K, used 29566K [0x00000000a0000000, 0x00000000a7800000, 0x00000000e0000000)
  object space 122880K, 24% used [0x00000000a0000000,0x00000000a1cdfac0,0x00000000a7800000)
 Metaspace       used 57291K, capacity 59000K, committed 59028K, reserved 1099776K
  class space    used 8027K, capacity 8447K, committed 8448K, reserved 1048576K
}
Event: 18.011 GC heap before
{Heap before GC invocations=16 (full 3):
 PSYoungGen      total 204800K, used 184832K [0x00000000e0000000, 0x00000000ef980000, 0x0000000100000000)
  eden space 184832K, 100% used [0x00000000e0000000,0x00000000eb480000,0x00000000eb480000)
  from space 19968K, 0% used [0x00000000ec880000,0x00000000ec880000,0x00000000edc00000)
  to   space 20480K, 0% used [0x00000000eb480000,0x00000000eb480000,0x00000000ec880000)
 ParOldGen       total 122880K, used 29566K [0x00000000a0000000, 0x00000000a7800000, 0x00000000e0000000)
  object space 122880K, 24% used [0x00000000a0000000,0x00000000a1cdfac0,0x00000000a7800000)
 Metaspace       used 62443K, capacity 64622K, committed 64768K, reserved 1105920K
  class space    used 8741K, capacity 9190K, committed 9216K, reserved 1048576K
Event: 18.042 GC heap after
Heap after GC invocations=16 (full 3):
 PSYoungGen      total 205312K, used 16678K [0x00000000e0000000, 0x00000000f1380000, 0x0000000100000000)
  eden space 184832K, 0% used [0x00000000e0000000,0x00000000e0000000,0x00000000eb480000)
  from space 20480K, 81% used [0x00000000eb480000,0x00000000ec4c9a38,0x00000000ec880000)
  to   space 22016K, 0% used [0x00000000efe00000,0x00000000efe00000,0x00000000f1380000)
 ParOldGen       total 122880K, used 29574K [0x00000000a0000000, 0x00000000a7800000, 0x00000000e0000000)
  object space 122880K, 24% used [0x00000000a0000000,0x00000000a1ce1ac0,0x00000000a7800000)
 Metaspace       used 62443K, capacity 64622K, committed 64768K, reserved 1105920K
  class space    used 8741K, capacity 9190K, committed 9216K, reserved 1048576K
}
Event: 23.142 GC heap before
{Heap before GC invocations=17 (full 3):
 PSYoungGen      total 205312K, used 201510K [0x00000000e0000000, 0x00000000f1380000, 0x0000000100000000)
  eden space 184832K, 100% used [0x00000000e0000000,0x00000000eb480000,0x00000000eb480000)
  from space 20480K, 81% used [0x00000000eb480000,0x00000000ec4c9a38,0x00000000ec880000)
  to   space 22016K, 0% used [0x00000000efe00000,0x00000000efe00000,0x00000000f1380000)
 ParOldGen       total 122880K, used 29574K [0x00000000a0000000, 0x00000000a7800000, 0x00000000e0000000)
  object space 122880K, 24% used [0x00000000a0000000,0x00000000a1ce1ac0,0x00000000a7800000)
 Metaspace       used 74774K, capacity 77740K, committed 77952K, reserved 1116160K
  class space    used 10553K, capacity 11130K, committed 11136K, reserved 1048576K
Event: 23.183 GC heap after
Heap after GC invocations=17 (full 3):
 PSYoungGen      total 246784K, used 21990K [0x00000000e0000000, 0x00000000f2880000, 0x0000000100000000)
  eden space 224768K, 0% used [0x00000000e0000000,0x00000000e0000000,0x00000000edb80000)
  from space 22016K, 99% used [0x00000000efe00000,0x00000000f1379998,0x00000000f1380000)
  to   space 35328K, 0% used [0x00000000edb80000,0x00000000edb80000,0x00000000efe00000)
 ParOldGen       total 122880K, used 56374K [0x00000000a0000000, 0x00000000a7800000, 0x00000000e0000000)
  object space 122880K, 45% used [0x00000000a0000000,0x00000000a370d9b8,0x00000000a7800000)
 Metaspace       used 74774K, capacity 77740K, committed 77952K, reserved 1116160K
  class space    used 10553K, capacity 11130K, committed 11136K, reserved 1048576K
}
Event: 25.469 GC heap before
{Heap before GC invocations=18 (full 3):
 PSYoungGen      total 246784K, used 244516K [0x00000000e0000000, 0x00000000f2880000, 0x0000000100000000)
  eden space 224768K, 99% used [0x00000000e0000000,0x00000000ed94f878,0x00000000edb80000)
  from space 22016K, 99% used [0x00000000efe00000,0x00000000f1379998,0x00000000f1380000)
  to   space 35328K, 0% used [0x00000000edb80000,0x00000000edb80000,0x00000000efe00000)
 ParOldGen       total 122880K, used 56374K [0x00000000a0000000, 0x00000000a7800000, 0x00000000e0000000)
  object space 122880K, 45% used [0x00000000a0000000,0x00000000a370d9b8,0x00000000a7800000)
 Metaspace       used 76148K, capacity 79214K, committed 79488K, reserved 1118208K
  class space    used 10742K, capacity 11353K, committed 11392K, reserved 1048576K
Event: 25.556 GC heap after
Heap after GC invocations=18 (full 3):
 PSYoungGen      total 260096K, used 35327K [0x00000000e0000000, 0x00000000f8700000, 0x0000000100000000)
  eden space 224768K, 0% used [0x00000000e0000000,0x00000000e0000000,0x00000000edb80000)
  from space 35328K, 99% used [0x00000000edb80000,0x00000000efdffd80,0x00000000efe00000)
  to   space 55808K, 0% used [0x00000000f5080000,0x00000000f5080000,0x00000000f8700000)
 ParOldGen       total 122880K, used 95709K [0x00000000a0000000, 0x00000000a7800000, 0x00000000e0000000)
  object space 122880K, 77% used [0x00000000a0000000,0x00000000a5d77518,0x00000000a7800000)
 Metaspace       used 76148K, capacity 79214K, committed 79488K, reserved 1118208K
  class space    used 10742K, capacity 11353K, committed 11392K, reserved 1048576K
}
Event: 25.556 GC heap before
{Heap before GC invocations=19 (full 4):
 PSYoungGen      total 260096K, used 35327K [0x00000000e0000000, 0x00000000f8700000, 0x0000000100000000)
  eden space 224768K, 0% used [0x00000000e0000000,0x00000000e0000000,0x00000000edb80000)
  from space 35328K, 99% used [0x00000000edb80000,0x00000000efdffd80,0x00000000efe00000)
  to   space 55808K, 0% used [0x00000000f5080000,0x00000000f5080000,0x00000000f8700000)
 ParOldGen       total 122880K, used 95709K [0x00000000a0000000, 0x00000000a7800000, 0x00000000e0000000)
  object space 122880K, 77% used [0x00000000a0000000,0x00000000a5d77518,0x00000000a7800000)
 Metaspace       used 76148K, capacity 79214K, committed 79488K, reserved 1118208K
  class space    used 10742K, capacity 11353K, committed 11392K, reserved 1048576K

