# JRE version: Java(TM) SE Runtime Environment (8.0_181-b13) (build 1.8.0_181-b13)
# Java VM: Java HotSpot(TM) 64-Bit Server VM (25.181-b13 mixed mode windows-amd64 compressed oops)
Heap:
 PSYoungGen      total 107520K, used 6447K [0x00000000e0000000, 0x00000000eb480000, 0x0000000100000000)
  eden space 76288K, 8% used [0x00000000e0000000,0x00000000e064bf80,0x00000000e4a80000)
  from space 31232K, 0% used [0x00000000e7680000,0x00000000e7680000,0x00000000e9500000)
  to   space 45056K, 0% used [0x00000000e4a80000,0x00000000e4a80000,0x00000000e7680000)
 ParOldGen       total 204288K, used 112950K [0x00000000a0000000, 0x00000000ac780000, 0x00000000e0000000)
  object space 204288K, 55% used [0x00000000a0000000,0x00000000a6e4db98,0x00000000ac780000)
 Metaspace       used 84619K, capacity 88086K, committed 88192K, reserved 1124352K
  class space    used 11670K, capacity 12347K, committed 12416K, reserved 1048576K
GC Heap History (10 events):
Event: 147.036 GC heap before
{Heap before GC invocations=43 (full 4):
 PSYoungGen      total 92672K, used 79641K [0x00000000e0000000, 0x00000000e7680000, 0x0000000100000000)
  eden space 69120K, 100% used [0x00000000e0000000,0x00000000e4380000,0x00000000e4380000)
  from space 23552K, 44% used [0x00000000e5f80000,0x00000000e69c6708,0x00000000e7680000)
  to   space 26112K, 0% used [0x00000000e4380000,0x00000000e4380000,0x00000000e5d00000)
 ParOldGen       total 169984K, used 129026K [0x00000000a0000000, 0x00000000aa600000, 0x00000000e0000000)
  object space 169984K, 75% used [0x00000000a0000000,0x00000000a7e00bd8,0x00000000aa600000)
 Metaspace       used 84177K, capacity 87592K, committed 87680K, reserved 1124352K
  class space    used 11665K, capacity 12342K, committed 12416K, reserved 1048576K
Event: 147.060 GC heap after
Heap after GC invocations=43 (full 4):
 PSYoungGen      total 95232K, used 7435K [0x00000000e0000000, 0x00000000e8100000, 0x0000000100000000)
  eden space 69120K, 0% used [0x00000000e0000000,0x00000000e0000000,0x00000000e4380000)
  from space 26112K, 28% used [0x00000000e4380000,0x00000000e4ac2c30,0x00000000e5d00000)
  to   space 25600K, 0% used [0x00000000e6800000,0x00000000e6800000,0x00000000e8100000)
 ParOldGen       total 169984K, used 131539K [0x00000000a0000000, 0x00000000aa600000, 0x00000000e0000000)
  object space 169984K, 77% used [0x00000000a0000000,0x00000000a8074c18,0x00000000aa600000)
 Metaspace       used 84177K, capacity 87592K, committed 87680K, reserved 1124352K
  class space    used 11665K, capacity 12342K, committed 12416K, reserved 1048576K
}
Event: 150.760 GC heap before
{Heap before GC invocations=44 (full 4):
 PSYoungGen      total 95232K, used 76555K [0x00000000e0000000, 0x00000000e8100000, 0x0000000100000000)
  eden space 69120K, 100% used [0x00000000e0000000,0x00000000e4380000,0x00000000e4380000)
  from space 26112K, 28% used [0x00000000e4380000,0x00000000e4ac2c30,0x00000000e5d00000)
  to   space 25600K, 0% used [0x00000000e6800000,0x00000000e6800000,0x00000000e8100000)
 ParOldGen       total 169984K, used 131539K [0x00000000a0000000, 0x00000000aa600000, 0x00000000e0000000)
  object space 169984K, 77% used [0x00000000a0000000,0x00000000a8074c18,0x00000000aa600000)
 Metaspace       used 84418K, capacity 87860K, committed 87936K, reserved 1124352K
  class space    used 11667K, capacity 12344K, committed 12416K, reserved 1048576K
Event: 150.775 GC heap after
Heap after GC invocations=44 (full 4):
 PSYoungGen      total 103424K, used 5343K [0x00000000e0000000, 0x00000000e7f00000, 0x0000000100000000)
  eden space 79872K, 0% used [0x00000000e0000000,0x00000000e0000000,0x00000000e4e00000)
  from space 23552K, 22% used [0x00000000e6800000,0x00000000e6d37ed0,0x00000000e7f00000)
  to   space 25088K, 0% used [0x00000000e4e00000,0x00000000e4e00000,0x00000000e6680000)
 ParOldGen       total 169984K, used 135817K [0x00000000a0000000, 0x00000000aa600000, 0x00000000e0000000)
  object space 169984K, 79% used [0x00000000a0000000,0x00000000a84a2738,0x00000000aa600000)
 Metaspace       used 84418K, capacity 87860K, committed 87936K, reserved 1124352K
  class space    used 11667K, capacity 12344K, committed 12416K, reserved 1048576K
}
Event: 155.445 GC heap before
{Heap before GC invocations=45 (full 4):
 PSYoungGen      total 103424K, used 84893K [0x00000000e0000000, 0x00000000e7f00000, 0x0000000100000000)
  eden space 79872K, 99% used [0x00000000e0000000,0x00000000e4daf668,0x00000000e4e00000)
  from space 23552K, 22% used [0x00000000e6800000,0x00000000e6d37ed0,0x00000000e7f00000)
  to   space 25088K, 0% used [0x00000000e4e00000,0x00000000e4e00000,0x00000000e6680000)
 ParOldGen       total 169984K, used 135817K [0x00000000a0000000, 0x00000000aa600000, 0x00000000e0000000)
  object space 169984K, 79% used [0x00000000a0000000,0x00000000a84a2738,0x00000000aa600000)
 Metaspace       used 84607K, capacity 88086K, committed 88192K, reserved 1124352K
  class space    used 11670K, capacity 12347K, committed 12416K, reserved 1048576K
Event: 155.471 GC heap after
Heap after GC invocations=45 (full 4):
 PSYoungGen      total 104960K, used 25058K [0x00000000e0000000, 0x00000000e9500000, 0x0000000100000000)
  eden space 79872K, 0% used [0x00000000e0000000,0x00000000e0000000,0x00000000e4e00000)
  from space 25088K, 99% used [0x00000000e4e00000,0x00000000e6678b98,0x00000000e6680000)
  to   space 31232K, 0% used [0x00000000e7680000,0x00000000e7680000,0x00000000e9500000)
 ParOldGen       total 169984K, used 141451K [0x00000000a0000000, 0x00000000aa600000, 0x00000000e0000000)
  object space 169984K, 83% used [0x00000000a0000000,0x00000000a8a22ee8,0x00000000aa600000)
 Metaspace       used 84607K, capacity 88086K, committed 88192K, reserved 1124352K
  class space    used 11670K, capacity 12347K, committed 12416K, reserved 1048576K
}
Event: 156.054 GC heap before
{Heap before GC invocations=46 (full 4):
 PSYoungGen      total 104960K, used 104930K [0x00000000e0000000, 0x00000000e9500000, 0x0000000100000000)
  eden space 79872K, 100% used [0x00000000e0000000,0x00000000e4e00000,0x00000000e4e00000)
  from space 25088K, 99% used [0x00000000e4e00000,0x00000000e6678b98,0x00000000e6680000)
  to   space 31232K, 0% used [0x00000000e7680000,0x00000000e7680000,0x00000000e9500000)
 ParOldGen       total 169984K, used 141451K [0x00000000a0000000, 0x00000000aa600000, 0x00000000e0000000)
  object space 169984K, 83% used [0x00000000a0000000,0x00000000a8a22ee8,0x00000000aa600000)
 Metaspace       used 84618K, capacity 88086K, committed 88192K, reserved 1124352K
  class space    used 11670K, capacity 12347K, committed 12416K, reserved 1048576K
Event: 156.174 GC heap after
Heap after GC invocations=46 (full 4):
 PSYoungGen      total 107520K, used 31200K [0x00000000e0000000, 0x00000000eb480000, 0x0000000100000000)
  eden space 76288K, 0% used [0x00000000e0000000,0x00000000e0000000,0x00000000e4a80000)
  from space 31232K, 99% used [0x00000000e7680000,0x00000000e94f80e0,0x00000000e9500000)
  to   space 45056K, 0% used [0x00000000e4a80000,0x00000000e4a80000,0x00000000e7680000)
 ParOldGen       total 169984K, used 166252K [0x00000000a0000000, 0x00000000aa600000, 0x00000000e0000000)
  object space 169984K, 97% used [0x00000000a0000000,0x00000000aa25b0b0,0x00000000aa600000)
 Metaspace       used 84618K, capacity 88086K, committed 88192K, reserved 1124352K
  class space    used 11670K, capacity 12347K, committed 12416K, reserved 1048576K
}
Event: 156.174 GC heap before
{Heap before GC invocations=47 (full 5):
 PSYoungGen      total 107520K, used 31200K [0x00000000e0000000, 0x00000000eb480000, 0x0000000100000000)
  eden space 76288K, 0% used [0x00000000e0000000,0x00000000e0000000,0x00000000e4a80000)
  from space 31232K, 99% used [0x00000000e7680000,0x00000000e94f80e0,0x00000000e9500000)
  to   space 45056K, 0% used [0x00000000e4a80000,0x00000000e4a80000,0x00000000e7680000)
 ParOldGen       total 169984K, used 166252K [0x00000000a0000000, 0x00000000aa600000, 0x00000000e0000000)
  object space 169984K, 97% used [0x00000000a0000000,0x00000000aa25b0b0,0x00000000aa600000)
 Metaspace       used 84618K, capacity 88086K, committed 88192K, reserved 1124352K
  class space    used 11670K, capacity 12347K, committed 12416K, reserved 1048576K
Event: 156.823 GC heap after
Heap after GC invocations=47 (full 5):
 PSYoungGen      total 107520K, used 0K [0x00000000e0000000, 0x00000000eb480000, 0x0000000100000000)
  eden space 76288K, 0% used [0x00000000e0000000,0x00000000e0000000,0x00000000e4a80000)
  from space 31232K, 0% used [0x00000000e7680000,0x00000000e7680000,0x00000000e9500000)
  to   space 45056K, 0% used [0x00000000e4a80000,0x00000000e4a80000,0x00000000e7680000)
 ParOldGen       total 204288K, used 112950K [0x00000000a0000000, 0x00000000ac780000, 0x00000000e0000000)
  object space 204288K, 55% used [0x00000000a0000000,0x00000000a6e4db98,0x00000000ac780000)
 Metaspace       used 84618K, capacity 88086K, committed 88192K, reserved 1124352K
  class space    used 11670K, capacity 12347K, committed 12416K, reserved 1048576K
}

